2017-10-10 22:02:30.636 [main] INFO  by.makedon.epam1.entity.Triangle - (0.0;0.0) (0.0;10.0) (20.0;0.0) create successfully
2017-10-10 22:02:30.645 [main] INFO  by.makedon.epam1.action.TriangleAction - triangle (0.0;0.0) (0.0;10.0) (20.0;0.0) has area 1467.4169922690344
2017-10-10 22:05:27.579 [main] INFO  by.makedon.epam1.entity.Triangle - (0.0;0.0) (0.0;10.0) (20.0;0.0) create successfully
2017-10-10 22:05:27.582 [main] INFO  by.makedon.epam1.action.TriangleAction - triangle (0.0;0.0) (0.0;10.0) (20.0;0.0) has area 1467.4169922690344
2017-10-10 22:05:50.064 [main] INFO  by.makedon.epam1.entity.Triangle - (0.0;0.0) (0.0;10.0) (20.0;0.0) create successfully
2017-10-10 22:08:17.589 [main] INFO  by.makedon.epam1.action.TriangleAction - triangle (0.0;0.0) (0.0;10.0) (20.0;0.0) has area 1467.4169922690344
2017-10-10 22:09:54.217 [main] INFO  by.makedon.epam1.entity.Triangle - (0.0;0.0) (0.0;10.0) (20.0;0.0) create successfully
2017-10-10 22:09:54.219 [main] INFO  by.makedon.epam1.action.TriangleAction - triangle (0.0;0.0) (0.0;10.0) (20.0;0.0) has area 100.0
2017-10-10 22:11:21.391 [main] INFO  by.makedon.epam1.entity.Triangle - (-100.0;20.0) (1000.0;10.0) (20.0;0.0) create successfully
2017-10-10 22:11:21.394 [main] INFO  by.makedon.epam1.action.TriangleAction - triangle (-100.0;20.0) (1000.0;10.0) (20.0;0.0) has area 10399.999999999343
2017-10-10 22:13:16.624 [main] ERROR by.makedon.epam1.validation.InputValidation - (1.0;1.0) (2.0;2.0) (3.0;3.0) don't compose triangle
2017-10-10 22:17:08.038 [main] INFO  by.makedon.epam1.entity.Triangle - (10.0;10.0) (5.0;5.0) (1.0;0.0) create successfully
2017-10-10 22:17:08.041 [main] INFO  by.makedon.epam1.action.TriangleAction - triangle (10.0;10.0) (5.0;5.0) (1.0;0.0) has perimeter 26.927816096372034
2017-10-10 22:17:42.768 [main] INFO  by.makedon.epam1.entity.Triangle - (10.0;10.0) (1.0;5.0) (1.0;0.0) create successfully
2017-10-10 22:17:42.771 [main] INFO  by.makedon.epam1.action.TriangleAction - triangle (10.0;10.0) (1.0;5.0) (1.0;0.0) has perimeter 28.74925418806071
2017-10-10 22:17:52.821 [main] INFO  by.makedon.epam1.entity.Triangle - (10.0;10.0) (1.0;5.0) (1.0;0.0) create successfully
2017-10-10 22:17:52.825 [main] INFO  by.makedon.epam1.action.TriangleAction - triangle (10.0;10.0) (1.0;5.0) (1.0;0.0) has perimeter 28.74925418806071
2017-10-10 22:18:41.882 [main] INFO  by.makedon.epam1.entity.Triangle - (10.0;10.0) (1.0;5.0) (1.0;0.0) create successfully
2017-10-10 22:18:41.885 [main] INFO  by.makedon.epam1.action.TriangleAction - triangle (10.0;10.0) (1.0;5.0) (1.0;0.0) has perimeter 28.74925418806071
2017-10-10 22:20:12.462 [main] ERROR by.makedon.epam1.validation.InputValidation - (1.0;1.0) (2.0;2.0) (3.0;3.0) don't compose triangle
2017-10-10 22:25:10.709 [main] INFO  by.makedon.epam1.entity.Triangle - (1.0;2.0) (2.0;-10.2232) (22.0;222.0) create successfully
2017-10-10 22:25:47.534 [main] INFO  by.makedon.epam1.entity.Triangle - (1.0;2.0) (2.0;-10.2232) (22.0;222.0) create successfully
2017-10-10 22:28:16.716 [main] ERROR by.makedon.epam1.validation.InputValidation - (1.0;1.0) (2.0;2.0) (3.0;3.0) don't compose triangle
2017-10-10 22:31:08.756 [main] INFO  by.makedon.epam1.entity.Triangle - (1.0;2.0) (2.0;3.0) (-1.0;2.22) create successfully
2017-10-10 22:31:50.037 [main] ERROR by.makedon.epam1.validation.InputValidation - mush params: 4
2017-10-10 22:32:41.728 [main] ERROR by.makedon.epam1.validation.InputValidation - much params: 4
2017-10-10 22:33:16.640 [main] ERROR by.makedon.epam1.validation.InputValidation - less params 2
2017-10-10 22:36:02.317 [main] INFO  by.makedon.epam1.entity.Triangle - (1.0;2.0) (2.0;-10.2232) (22.0;222.0) create successfully
2017-10-10 22:44:14.648 [main] INFO  by.makedon.epam1.entity.Triangle - (0.0;0.0) (0.0;20.0) (5.0;0.0) create successfully
2017-10-10 22:45:08.909 [main] INFO  by.makedon.epam1.entity.Triangle - (-20.0;0.0) (0.0;20.0) (5.0;0.0) create successfully
2017-10-10 22:50:54.083 [main] INFO  by.makedon.epam1.entity.Triangle - (-20.0;0.0) (0.0;20.0) (5.0;0.0) create successfully
2017-10-10 22:50:54.085 [main] INFO  by.makedon.epam1.entity.Triangle - (0.0;0.0) (0.0;20.0) (5.0;0.0) create successfully
2017-10-10 22:50:54.086 [main] INFO  by.makedon.epam1.entity.Triangle - (-100.0;20.0) (1000.0;10.0) (20.0;0.0) create successfully
2017-10-10 22:50:54.086 [main] INFO  by.makedon.epam1.action.TriangleAction - triangle (-100.0;20.0) (1000.0;10.0) (20.0;0.0) has area 10399.999999999343
2017-10-10 22:50:54.087 [main] INFO  by.makedon.epam1.entity.Triangle - (0.0;0.0) (0.0;10.0) (20.0;0.0) create successfully
2017-10-10 22:50:54.087 [main] INFO  by.makedon.epam1.action.TriangleAction - triangle (0.0;0.0) (0.0;10.0) (20.0;0.0) has area 100.0
2017-10-10 22:50:54.088 [main] ERROR by.makedon.epam1.validation.InputValidation - (1.0;1.0) (2.0;2.0) (3.0;3.0) don't compose triangle
2017-10-10 22:50:54.089 [main] INFO  by.makedon.epam1.entity.Triangle - (10.0;10.0) (1.0;5.0) (1.0;0.0) create successfully
2017-10-10 22:50:54.089 [main] INFO  by.makedon.epam1.action.TriangleAction - triangle (10.0;10.0) (1.0;5.0) (1.0;0.0) has perimeter 28.74925418806071
2017-10-10 22:50:54.089 [main] INFO  by.makedon.epam1.entity.Triangle - (10.0;10.0) (1.0;5.0) (1.0;0.0) create successfully
2017-10-10 22:50:54.089 [main] INFO  by.makedon.epam1.action.TriangleAction - triangle (10.0;10.0) (1.0;5.0) (1.0;0.0) has perimeter 28.74925418806071
2017-10-10 22:50:54.090 [main] ERROR by.makedon.epam1.validation.InputValidation - (1.0;1.0) (2.0;2.0) (3.0;3.0) don't compose triangle
2017-10-10 22:56:15.641 [main] ERROR by.makedon.epam1.validation.InputValidation - much params: 4
2017-10-10 22:58:42.143 [main] ERROR by.makedon.epam1.validation.InputValidation - (1.0;1.0) (2.0;2.0) (3.0;3.0) don't compose triangle
2017-10-10 22:58:55.511 [main] ERROR by.makedon.epam1.validation.InputValidation - (1.0;1.0) (2.0;2.0) (3.0;3.0) don't compose triangle
2017-10-10 22:59:07.760 [main] ERROR by.makedon.epam1.validation.InputValidation - much params: 4
2017-10-10 22:59:20.708 [main] ERROR by.makedon.epam1.validation.InputValidation - less params: 2
2017-10-10 23:05:19.046 [main] ERROR by.makedon.epam1.validation.InputValidation - much params: 4
2017-10-10 23:05:19.050 [main] ERROR by.makedon.epam1.validation.InputValidation - less params: 2
2017-10-10 23:25:39.165 [main] INFO  by.makedon.epam1.reading.ReadingFile - in/in.txt found
2017-10-10 23:40:23.016 [main] INFO  by.makedon.epam1.reading.ReadingFile - in/in.txt found
2017-10-10 23:40:23.025 [main] INFO  by.makedon.epam1.reading.ReadingFile - -1.0 0.0 2.0 3.0 1.0 4.0 has wrong parameters
2017-10-10 23:40:23.026 [main] INFO  by.makedon.epam1.reading.ReadingFile - 2.z1 3.10 2.20 3.11 4.44 5.0 has wrong parameters
2017-10-10 23:40:23.026 [main] INFO  by.makedon.epam1.reading.ReadingFile - 0.0 0.0 has wrong parameters
2017-10-10 23:40:23.027 [main] INFO  by.makedon.epam1.reading.ReadingFile - qwerty qwerty qwerty has wrong parameters
2017-10-10 23:40:23.027 [main] INFO  by.makedon.epam1.reading.ReadingFile - 5 5 2 2 3 3 has wrong parameters
2017-10-10 23:47:03.601 [main] INFO  by.makedon.epam1.reading.ReadingFile - in/in.txt found
2017-10-10 23:47:03.607 [main] INFO  by.makedon.epam1.reading.ReadingFile - -1.0 0.0 2.0 3.0 1.0 4.0 has wrong parameters
2017-10-10 23:47:03.608 [main] INFO  by.makedon.epam1.reading.ReadingFile - 2.z1 3.10 2.20 3.11 4.44 5.0 has wrong parameters
2017-10-10 23:47:03.608 [main] INFO  by.makedon.epam1.reading.ReadingFile - 0.0 0.0 has wrong parameters
2017-10-10 23:47:03.609 [main] INFO  by.makedon.epam1.reading.ReadingFile - qwerty qwerty qwerty has wrong parameters
2017-10-10 23:47:03.610 [main] INFO  by.makedon.epam1.reading.ReadingFile - 5 5 2 2 3 3 has wrong parameters
